<?xml version="1.0" encoding="UTF-8"?>
<testng-results skipped="0" failed="0" total="1" passed="1">
  <reporter-output>
    <line>
      <![CDATA[HomePage is Displayed]]>
    </line>
    <line>
      <![CDATA[test case pass]]>
    </line>
  </reporter-output>
  <suite name="Default suite" duration-ms="31646" started-at="2019-10-30T10:38:00Z" finished-at="2019-10-30T10:38:32Z">
    <groups>
    </groups>
    <test name="Default test" duration-ms="31646" started-at="2019-10-30T10:38:00Z" finished-at="2019-10-30T10:38:32Z">
      <class name="com.testpom.TestLogin">
        <test-method status="PASS" signature="setUp()[pri:0, instance:com.testpom.TestLogin@35851384]" name="setUp" is-config="true" duration-ms="24683" started-at="2019-10-30T16:08:00Z" finished-at="2019-10-30T16:08:25Z">
          <reporter-output>
          </reporter-output>
        </test-method> <!-- setUp -->
        <test-method status="PASS" signature="validLogin()[pri:0, instance:com.testpom.TestLogin@35851384]" name="validLogin" duration-ms="6167" started-at="2019-10-30T16:08:25Z" finished-at="2019-10-30T16:08:31Z">
          <reporter-output>
            <line>
              <![CDATA[HomePage is Displayed]]>
            </line>
          </reporter-output>
        </test-method> <!-- validLogin -->
        <test-method status="PASS" signature="closeApp(org.testng.ITestResult)[pri:0, instance:com.testpom.TestLogin@35851384]" name="closeApp" is-config="true" duration-ms="785" started-at="2019-10-30T16:08:31Z" finished-at="2019-10-30T16:08:32Z">
          <params>
            <param index="0">
              <value>
                <![CDATA[[TestResult name=validLogin status=SUCCESS method=TestLogin.validLogin()[pri:0, instance:com.testpom.TestLogin@35851384] output=HomePage is Displayed]]]>
              </value>
            </param>
          </params>
          <reporter-output>
            <line>
              <![CDATA[test case pass]]>
            </line>
          </reporter-output>
        </test-method> <!-- closeApp -->
      </class> <!-- com.testpom.TestLogin -->
    </test> <!-- Default test -->
  </suite> <!-- Default suite -->
</testng-results>
